2024-05-10T13:06:49,568 [main] INFO  (Main.java:40) - -------------Test Execution started--------------
2024-05-10T13:06:51,423 [main] INFO  (Test_1_RegisterComplaint_PresentDate.java:51) - Test Passed : Complaint Registered with present date
2024-05-10T13:06:51,829 [main] INFO  (Main.java:131) - 
 Request : 
<?xml version="1.0" encoding="UTF-8" standalone="no"?><soapenv:Envelope xmlns:soapenv="http://schemas.xmlsoap.org/soap/envelope/" xmlns:web="http://www.Insurer.com/webservices/">  
    <soapenv:Header> 
        <web:Authenticate_Info> 
            <!--Optional:-->  
            <web:UserName>IRDAUSER</web:UserName>  
            <!--Optional:-->  
            <web:Password>IRDAUSER</web:Password>  
            <web:EntityId>31</web:EntityId> 
        </web:Authenticate_Info> 
    </soapenv:Header>  
    <soapenv:Body> 
        <web:RegisterComplaint> 
            <!--Optional:-->  
            <web:InputElement> 
                <Complaints> 
                    <Complaint> 
                        <First_Name>Anand Gupta</First_Name>  
                        <Mobile_Number>8691959368</Mobile_Number>  
                        <User_Type>I</User_Type>  
                        <Entity_Complaint_Ref_Number>TEST261570</Entity_Complaint_Ref_Number>  
                        <Complaint_Details>Registration of complaint</Complaint_Details>  
                        <Complaint_Receipt_Date>10-05-2024</Complaint_Receipt_Date>  
                        <Complaint_Date>10-05-2024</Complaint_Date>  
                        <State_Id>21</State_Id>  
                        <District_Id>332</District_Id>  
                        <Complaint_Status_Id>1</Complaint_Status_Id>  
                        <Complaint_Against_Type_Id>1</Complaint_Against_Type_Id>  
                        <Insurance_Type_Id>1</Insurance_Type_Id>  
                        <Policy_Type_Id>1</Policy_Type_Id>  
                        <Complaint_Type_Id>1</Complaint_Type_Id>  
                        <Complaint_Description_Id>1</Complaint_Description_Id>  
                        <Source_Of_Complaint>1</Source_Of_Complaint>  
                        <Policy_Number>123456789</Policy_Number>  
                        <Option>1</Option>  
                        <Addressed_To_Insurer>Y</Addressed_To_Insurer>  
                        <Trans_Login_Id>SILICADMIN</Trans_Login_Id>  
                        <Mode>1</Mode>  
                        <Policy_Proposal_Cert_ClaimNumber>10529899</Policy_Proposal_Cert_ClaimNumber>  
                        <Identifier_Type>1</Identifier_Type> 
                    </Complaint> 
                </Complaints> 
            </web:InputElement> 
        </web:RegisterComplaint> 
    </soapenv:Body> 
</soapenv:Envelope>
2024-05-10T13:06:51,832 [main] INFO  (Main.java:132) - 
 Response : 
<soap:Envelope xmlns:soap="http://schemas.xmlsoap.org/soap/envelope/" xmlns:xsi="http://www.w3.org/2001/XMLSchema-instance" xmlns:xsd="http://www.w3.org/2001/XMLSchema">
  <soap:Body>
    <RegisterComplaintResponse xmlns="http://www.Insurer.com/webservices/">
      <RegisterComplaintResult>
        <RESULT xmlns="">
          <COMPLAINTDETAILS>
            <IRDA_TOKEN_NUMBER>05-24-001550</IRDA_TOKEN_NUMBER>
            <ENTITY_COMPLAINT_REF_NUMBER>TEST261570</ENTITY_COMPLAINT_REF_NUMBER>
            <ERROR_CODES/>
          </COMPLAINTDETAILS>
        </RESULT>
      </RegisterComplaintResult>
    </RegisterComplaintResponse>
  </soap:Body>
</soap:Envelope>
2024-05-10T13:06:51,832 [main] INFO  (Main.java:133) - -------------Test Execution ended---------------


2024-05-10T13:06:51,835 [main] INFO  (Main.java:40) - -------------Test Execution started--------------
2024-05-10T13:06:52,066 [main] INFO  (Test_2_RegisterComplaint_PastDate.java:45) - Test Passed : Complaint registered with past date
2024-05-10T13:06:52,212 [main] INFO  (Main.java:131) - 
 Request : 
<?xml version="1.0" encoding="UTF-8" standalone="no"?><soapenv:Envelope xmlns:soapenv="http://schemas.xmlsoap.org/soap/envelope/" xmlns:web="http://www.Insurer.com/webservices/">  
    <soapenv:Header> 
        <web:Authenticate_Info> 
            <!--Optional:-->  
            <web:UserName>IRDAUSER</web:UserName>  
            <!--Optional:-->  
            <web:Password>IRDAUSER</web:Password>  
            <web:EntityId>31</web:EntityId> 
        </web:Authenticate_Info> 
    </soapenv:Header>  
    <soapenv:Body> 
        <web:RegisterComplaint> 
            <!--Optional:-->  
            <web:InputElement> 
                <Complaints> 
                    <Complaint> 
                        <First_Name>Anand Gupta</First_Name>  
                        <Mobile_Number>8691959368</Mobile_Number>  
                        <User_Type>I</User_Type>  
                        <Entity_Complaint_Ref_Number>TEST551835</Entity_Complaint_Ref_Number>  
                        <Complaint_Details>Registration of complaint</Complaint_Details>  
                        <Complaint_Receipt_Date>10-04-2024</Complaint_Receipt_Date>  
                        <Complaint_Date>10-04-2024</Complaint_Date>  
                        <State_Id>21</State_Id>  
                        <District_Id>332</District_Id>  
                        <Complaint_Status_Id>1</Complaint_Status_Id>  
                        <Complaint_Against_Type_Id>1</Complaint_Against_Type_Id>  
                        <Insurance_Type_Id>1</Insurance_Type_Id>  
                        <Policy_Type_Id>1</Policy_Type_Id>  
                        <Complaint_Type_Id>1</Complaint_Type_Id>  
                        <Complaint_Description_Id>1</Complaint_Description_Id>  
                        <Source_Of_Complaint>1</Source_Of_Complaint>  
                        <Policy_Number>123456789</Policy_Number>  
                        <Option>1</Option>  
                        <Addressed_To_Insurer>Y</Addressed_To_Insurer>  
                        <Trans_Login_Id>SILICADMIN</Trans_Login_Id>  
                        <Mode>1</Mode>  
                        <Policy_Proposal_Cert_ClaimNumber>10529899</Policy_Proposal_Cert_ClaimNumber>  
                        <Identifier_Type>1</Identifier_Type> 
                    </Complaint> 
                </Complaints> 
            </web:InputElement> 
        </web:RegisterComplaint> 
    </soapenv:Body> 
</soapenv:Envelope>
2024-05-10T13:06:52,215 [main] INFO  (Main.java:132) - 
 Response : 
<soap:Envelope xmlns:soap="http://schemas.xmlsoap.org/soap/envelope/" xmlns:xsi="http://www.w3.org/2001/XMLSchema-instance" xmlns:xsd="http://www.w3.org/2001/XMLSchema">
  <soap:Body>
    <RegisterComplaintResponse xmlns="http://www.Insurer.com/webservices/">
      <RegisterComplaintResult>
        <RESULT xmlns="">
          <COMPLAINTDETAILS>
            <IRDA_TOKEN_NUMBER>05-24-001551</IRDA_TOKEN_NUMBER>
            <ENTITY_COMPLAINT_REF_NUMBER>TEST551835</ENTITY_COMPLAINT_REF_NUMBER>
            <ERROR_CODES/>
          </COMPLAINTDETAILS>
        </RESULT>
      </RegisterComplaintResult>
    </RegisterComplaintResponse>
  </soap:Body>
</soap:Envelope>
2024-05-10T13:06:52,215 [main] INFO  (Main.java:133) - -------------Test Execution ended---------------


2024-05-10T13:06:52,217 [main] INFO  (Main.java:40) - -------------Test Execution started--------------
2024-05-10T13:06:52,447 [main] INFO  (Test_3_RegisterComplaint_Dates_Negative.java:48) - Test Passed : Invalid ComplaintDate and ComplaintReceiptDate is not working
2024-05-10T13:06:52,737 [main] INFO  (Main.java:131) - 
 Request : 
<?xml version="1.0" encoding="UTF-8" standalone="no"?><soapenv:Envelope xmlns:soapenv="http://schemas.xmlsoap.org/soap/envelope/" xmlns:web="http://www.Insurer.com/webservices/">  
    <soapenv:Header> 
        <web:Authenticate_Info> 
            <!--Optional:-->  
            <web:UserName>IRDAUSER</web:UserName>  
            <!--Optional:-->  
            <web:Password>IRDAUSER</web:Password>  
            <web:EntityId>31</web:EntityId> 
        </web:Authenticate_Info> 
    </soapenv:Header>  
    <soapenv:Body> 
        <web:RegisterComplaint> 
            <!--Optional:-->  
            <web:InputElement> 
                <Complaints> 
                    <Complaint> 
                        <Complaint_Status_Id>1</Complaint_Status_Id>  
                        <User_Type>I</User_Type>  
                        <State_Id>21</State_Id>  
                        <District_Id>332</District_Id>  
                        <Complaint_Against_Type_Id>1</Complaint_Against_Type_Id>  
                        <First_Name>Abhishek Gupta</First_Name>  
                        <Mobile_Number>9967465389</Mobile_Number>  
                        <Entity_Complaint_Ref_Number>TEST116250</Entity_Complaint_Ref_Number>  
                        <Complaint_Details>Registration of Complaint</Complaint_Details>  
                        <Insurance_Type_Id>1</Insurance_Type_Id>  
                        <Policy_Type_Id>1</Policy_Type_Id>  
                        <Complaint_Type_Id>1</Complaint_Type_Id>  
                        <Complaint_Description_Id>1</Complaint_Description_Id>  
                        <Source_Of_Complaint>1</Source_Of_Complaint>  
                        <Policy_Number>123456789</Policy_Number>  
                        <Option>1</Option>  
                        <Addressed_To_Insurer>Y</Addressed_To_Insurer>  
                        <Trans_Login_Id>SILICADMIN</Trans_Login_Id>  
                        <Mode>1</Mode>  
                        <Policy_Proposal_Cert_ClaimNumber>10529899</Policy_Proposal_Cert_ClaimNumber>  
                        <Identifier_Type>1</Identifier_Type>  
                        <Complaint_Date>17-05-2024</Complaint_Date>  
                        <Complaint_Receipt_Date>17-05-2024</Complaint_Receipt_Date> 
                    </Complaint> 
                </Complaints> 
            </web:InputElement> 
        </web:RegisterComplaint> 
    </soapenv:Body> 
</soapenv:Envelope>
2024-05-10T13:06:52,740 [main] INFO  (Main.java:132) - 
 Response : 
<soap:Envelope xmlns:soap="http://schemas.xmlsoap.org/soap/envelope/" xmlns:xsi="http://www.w3.org/2001/XMLSchema-instance" xmlns:xsd="http://www.w3.org/2001/XMLSchema">
  <soap:Body>
    <RegisterComplaintResponse xmlns="http://www.Insurer.com/webservices/">
      <RegisterComplaintResult>
        <RESULT xmlns="">
          <COMPLAINTDETAILS>
            <IRDA_TOKEN_NUMBER/>
            <ENTITY_COMPLAINT_REF_NUMBER>TEST116250</ENTITY_COMPLAINT_REF_NUMBER>
            <ERROR_CODES>ERR_0044,ERR_0046</ERROR_CODES>
          </COMPLAINTDETAILS>
        </RESULT>
      </RegisterComplaintResult>
    </RegisterComplaintResponse>
  </soap:Body>
</soap:Envelope>
2024-05-10T13:06:52,740 [main] INFO  (Main.java:133) - -------------Test Execution ended---------------


2024-05-10T13:06:52,742 [main] INFO  (Main.java:40) - -------------Test Execution started--------------
2024-05-10T13:06:52,859 [main] INFO  (Test_3_RegisterComplaint_Dates_Negative.java:93) - Test Passed : Invalid Complaint Date and Complaint Receipt Date format is not working
2024-05-10T13:06:53,220 [main] INFO  (Main.java:131) - 
 Request : 
<?xml version="1.0" encoding="UTF-8" standalone="no"?><soapenv:Envelope xmlns:soapenv="http://schemas.xmlsoap.org/soap/envelope/" xmlns:web="http://www.Insurer.com/webservices/">  
    <soapenv:Header> 
        <web:Authenticate_Info> 
            <!--Optional:-->  
            <web:UserName>IRDAUSER</web:UserName>  
            <!--Optional:-->  
            <web:Password>IRDAUSER</web:Password>  
            <web:EntityId>31</web:EntityId> 
        </web:Authenticate_Info> 
    </soapenv:Header>  
    <soapenv:Body> 
        <web:RegisterComplaint> 
            <!--Optional:-->  
            <web:InputElement> 
                <Complaints> 
                    <Complaint> 
                        <Complaint_Status_Id>1</Complaint_Status_Id>  
                        <User_Type>I</User_Type>  
                        <State_Id>21</State_Id>  
                        <District_Id>332</District_Id>  
                        <Complaint_Against_Type_Id>1</Complaint_Against_Type_Id>  
                        <First_Name>Abhishek Gupta</First_Name>  
                        <Mobile_Number>9967465389</Mobile_Number>  
                        <Entity_Complaint_Ref_Number>TEST116250</Entity_Complaint_Ref_Number>  
                        <Complaint_Details>Registration of Complaint</Complaint_Details>  
                        <Insurance_Type_Id>1</Insurance_Type_Id>  
                        <Policy_Type_Id>1</Policy_Type_Id>  
                        <Complaint_Type_Id>1</Complaint_Type_Id>  
                        <Complaint_Description_Id>1</Complaint_Description_Id>  
                        <Source_Of_Complaint>1</Source_Of_Complaint>  
                        <Policy_Number>123456789</Policy_Number>  
                        <Option>1</Option>  
                        <Addressed_To_Insurer>Y</Addressed_To_Insurer>  
                        <Trans_Login_Id>SILICADMIN</Trans_Login_Id>  
                        <Mode>1</Mode>  
                        <Policy_Proposal_Cert_ClaimNumber>10529899</Policy_Proposal_Cert_ClaimNumber>  
                        <Identifier_Type>1</Identifier_Type>  
                        <Complaint_Date>2024-04-15</Complaint_Date>  
                        <Complaint_Receipt_Date>2024-04-15</Complaint_Receipt_Date> 
                    </Complaint> 
                </Complaints> 
            </web:InputElement> 
        </web:RegisterComplaint> 
    </soapenv:Body> 
</soapenv:Envelope>
2024-05-10T13:06:53,223 [main] INFO  (Main.java:132) - 
 Response : 
<soap:Envelope xmlns:soap="http://schemas.xmlsoap.org/soap/envelope/" xmlns:xsi="http://www.w3.org/2001/XMLSchema-instance" xmlns:xsd="http://www.w3.org/2001/XMLSchema">
  <soap:Body>
    <RegisterComplaintResponse xmlns="http://www.Insurer.com/webservices/">
      <RegisterComplaintResult>
        <RESULT xmlns="">
          <COMPLAINTDETAILS>
            <IRDA_TOKEN_NUMBER/>
            <ENTITY_COMPLAINT_REF_NUMBER>TEST116250</ENTITY_COMPLAINT_REF_NUMBER>
            <ERROR_CODES>ERR_0044,ERR_0046</ERROR_CODES>
          </COMPLAINTDETAILS>
        </RESULT>
      </RegisterComplaintResult>
    </RegisterComplaintResponse>
  </soap:Body>
</soap:Envelope>
2024-05-10T13:06:53,223 [main] INFO  (Main.java:133) - -------------Test Execution ended---------------


2024-05-10T13:06:53,225 [main] INFO  (Main.java:40) - -------------Test Execution started--------------
2024-05-10T13:06:53,335 [main] INFO  (Test_3_RegisterComplaint_Dates_Negative.java:139) - Test Passed : Complaint Date and Complaint ReceiptDate is mandatory
2024-05-10T13:06:53,607 [main] INFO  (Main.java:131) - 
 Request : 
<?xml version="1.0" encoding="UTF-8" standalone="no"?><soapenv:Envelope xmlns:soapenv="http://schemas.xmlsoap.org/soap/envelope/" xmlns:web="http://www.Insurer.com/webservices/">  
    <soapenv:Header> 
        <web:Authenticate_Info> 
            <!--Optional:-->  
            <web:UserName>IRDAUSER</web:UserName>  
            <!--Optional:-->  
            <web:Password>IRDAUSER</web:Password>  
            <web:EntityId>31</web:EntityId> 
        </web:Authenticate_Info> 
    </soapenv:Header>  
    <soapenv:Body> 
        <web:RegisterComplaint> 
            <!--Optional:-->  
            <web:InputElement> 
                <Complaints> 
                    <Complaint> 
                        <Complaint_Status_Id>1</Complaint_Status_Id>  
                        <User_Type>I</User_Type>  
                        <State_Id>21</State_Id>  
                        <District_Id>332</District_Id>  
                        <Complaint_Against_Type_Id>1</Complaint_Against_Type_Id>  
                        <First_Name>Abhishek Gupta</First_Name>  
                        <Mobile_Number>9967465389</Mobile_Number>  
                        <Entity_Complaint_Ref_Number>TEST116250</Entity_Complaint_Ref_Number>  
                        <Complaint_Details>Registration of Complaint</Complaint_Details>  
                        <Insurance_Type_Id>1</Insurance_Type_Id>  
                        <Policy_Type_Id>1</Policy_Type_Id>  
                        <Complaint_Type_Id>1</Complaint_Type_Id>  
                        <Complaint_Description_Id>1</Complaint_Description_Id>  
                        <Source_Of_Complaint>1</Source_Of_Complaint>  
                        <Policy_Number>123456789</Policy_Number>  
                        <Option>1</Option>  
                        <Addressed_To_Insurer>Y</Addressed_To_Insurer>  
                        <Trans_Login_Id>SILICADMIN</Trans_Login_Id>  
                        <Mode>1</Mode>  
                        <Policy_Proposal_Cert_ClaimNumber>10529899</Policy_Proposal_Cert_ClaimNumber>  
                        <Identifier_Type>1</Identifier_Type>  
                          
                         
                    </Complaint> 
                </Complaints> 
            </web:InputElement> 
        </web:RegisterComplaint> 
    </soapenv:Body> 
</soapenv:Envelope>
2024-05-10T13:06:53,610 [main] INFO  (Main.java:132) - 
 Response : 
<soap:Envelope xmlns:soap="http://schemas.xmlsoap.org/soap/envelope/" xmlns:xsi="http://www.w3.org/2001/XMLSchema-instance" xmlns:xsd="http://www.w3.org/2001/XMLSchema">
  <soap:Body>
    <RegisterComplaintResponse xmlns="http://www.Insurer.com/webservices/">
      <RegisterComplaintResult>
        <RESULT xmlns="">
          <COMPLAINTDETAILS>
            <IRDA_TOKEN_NUMBER/>
            <ENTITY_COMPLAINT_REF_NUMBER>TEST116250</ENTITY_COMPLAINT_REF_NUMBER>
            <ERROR_CODES>ERR_0043,ERR_0045</ERROR_CODES>
          </COMPLAINTDETAILS>
        </RESULT>
      </RegisterComplaintResult>
    </RegisterComplaintResponse>
  </soap:Body>
</soap:Envelope>
2024-05-10T13:06:53,610 [main] INFO  (Main.java:133) - -------------Test Execution ended---------------


2024-05-10T13:06:53,612 [main] INFO  (Main.java:40) - -------------Test Execution started--------------
2024-05-10T13:06:53,765 [main] INFO  (Test_3_RegisterComplaint_Dates_Negative.java:185) - Test Passed : Complaint Date and Complaint Receipt Date is not working with Zero
2024-05-10T13:06:54,014 [main] INFO  (Main.java:131) - 
 Request : 
<?xml version="1.0" encoding="UTF-8" standalone="no"?><soapenv:Envelope xmlns:soapenv="http://schemas.xmlsoap.org/soap/envelope/" xmlns:web="http://www.Insurer.com/webservices/">  
    <soapenv:Header> 
        <web:Authenticate_Info> 
            <!--Optional:-->  
            <web:UserName>IRDAUSER</web:UserName>  
            <!--Optional:-->  
            <web:Password>IRDAUSER</web:Password>  
            <web:EntityId>31</web:EntityId> 
        </web:Authenticate_Info> 
    </soapenv:Header>  
    <soapenv:Body> 
        <web:RegisterComplaint> 
            <!--Optional:-->  
            <web:InputElement> 
                <Complaints> 
                    <Complaint> 
                        <Complaint_Status_Id>1</Complaint_Status_Id>  
                        <User_Type>I</User_Type>  
                        <State_Id>21</State_Id>  
                        <District_Id>332</District_Id>  
                        <Complaint_Against_Type_Id>1</Complaint_Against_Type_Id>  
                        <First_Name>Abhishek Gupta</First_Name>  
                        <Mobile_Number>9967465389</Mobile_Number>  
                        <Entity_Complaint_Ref_Number>TEST116250</Entity_Complaint_Ref_Number>  
                        <Complaint_Details>Registration of Complaint</Complaint_Details>  
                        <Insurance_Type_Id>1</Insurance_Type_Id>  
                        <Policy_Type_Id>1</Policy_Type_Id>  
                        <Complaint_Type_Id>1</Complaint_Type_Id>  
                        <Complaint_Description_Id>1</Complaint_Description_Id>  
                        <Source_Of_Complaint>1</Source_Of_Complaint>  
                        <Policy_Number>123456789</Policy_Number>  
                        <Option>1</Option>  
                        <Addressed_To_Insurer>Y</Addressed_To_Insurer>  
                        <Trans_Login_Id>SILICADMIN</Trans_Login_Id>  
                        <Mode>1</Mode>  
                        <Policy_Proposal_Cert_ClaimNumber>10529899</Policy_Proposal_Cert_ClaimNumber>  
                        <Identifier_Type>1</Identifier_Type>  
                        <Complaint_Date>00-00-0000</Complaint_Date>
                        <Complaint_Receipt_Date>00-00-0000</Complaint_Receipt_Date>
                    </Complaint> 
                </Complaints> 
            </web:InputElement> 
        </web:RegisterComplaint> 
    </soapenv:Body> 
</soapenv:Envelope>
2024-05-10T13:06:54,015 [main] INFO  (Main.java:132) - 
 Response : 
<soap:Envelope xmlns:soap="http://schemas.xmlsoap.org/soap/envelope/" xmlns:xsi="http://www.w3.org/2001/XMLSchema-instance" xmlns:xsd="http://www.w3.org/2001/XMLSchema">
  <soap:Body>
    <RegisterComplaintResponse xmlns="http://www.Insurer.com/webservices/">
      <RegisterComplaintResult>
        <RESULT xmlns="">
          <COMPLAINTDETAILS>
            <IRDA_TOKEN_NUMBER/>
            <ENTITY_COMPLAINT_REF_NUMBER>TEST116250</ENTITY_COMPLAINT_REF_NUMBER>
            <ERROR_CODES>ERR_0044,ERR_0046</ERROR_CODES>
          </COMPLAINTDETAILS>
        </RESULT>
      </RegisterComplaintResult>
    </RegisterComplaintResponse>
  </soap:Body>
</soap:Envelope>
2024-05-10T13:06:54,016 [main] INFO  (Main.java:133) - -------------Test Execution ended---------------


2024-05-10T13:06:54,017 [main] INFO  (Main.java:40) - -------------Test Execution started--------------
2024-05-10T13:06:54,166 [main] INFO  (Test_3_RegisterComplaint_Dates_Negative.java:230) - Test Passed : Complaint Date and Complaint Receipt Date should not a character
2024-05-10T13:06:54,324 [main] INFO  (Main.java:131) - 
 Request : 
<?xml version="1.0" encoding="UTF-8" standalone="no"?><soapenv:Envelope xmlns:soapenv="http://schemas.xmlsoap.org/soap/envelope/" xmlns:web="http://www.Insurer.com/webservices/">  
    <soapenv:Header> 
        <web:Authenticate_Info> 
            <!--Optional:-->  
            <web:UserName>IRDAUSER</web:UserName>  
            <!--Optional:-->  
            <web:Password>IRDAUSER</web:Password>  
            <web:EntityId>31</web:EntityId> 
        </web:Authenticate_Info> 
    </soapenv:Header>  
    <soapenv:Body> 
        <web:RegisterComplaint> 
            <!--Optional:-->  
            <web:InputElement> 
                <Complaints> 
                    <Complaint> 
                        <Complaint_Status_Id>1</Complaint_Status_Id>  
                        <User_Type>I</User_Type>  
                        <State_Id>21</State_Id>  
                        <District_Id>332</District_Id>  
                        <Complaint_Against_Type_Id>1</Complaint_Against_Type_Id>  
                        <First_Name>Abhishek Gupta</First_Name>  
                        <Mobile_Number>9967465389</Mobile_Number>  
                        <Entity_Complaint_Ref_Number>TEST116250</Entity_Complaint_Ref_Number>  
                        <Complaint_Details>Registration of Complaint</Complaint_Details>  
                        <Insurance_Type_Id>1</Insurance_Type_Id>  
                        <Policy_Type_Id>1</Policy_Type_Id>  
                        <Complaint_Type_Id>1</Complaint_Type_Id>  
                        <Complaint_Description_Id>1</Complaint_Description_Id>  
                        <Source_Of_Complaint>1</Source_Of_Complaint>  
                        <Policy_Number>123456789</Policy_Number>  
                        <Option>1</Option>  
                        <Addressed_To_Insurer>Y</Addressed_To_Insurer>  
                        <Trans_Login_Id>SILICADMIN</Trans_Login_Id>  
                        <Mode>1</Mode>  
                        <Policy_Proposal_Cert_ClaimNumber>10529899</Policy_Proposal_Cert_ClaimNumber>  
                        <Identifier_Type>1</Identifier_Type>  
                        <Complaint_Date>DD-MM-YYYY</Complaint_Date>  
                        <Complaint_Receipt_Date>DD-MM-YYYY</Complaint_Receipt_Date> 
                    </Complaint> 
                </Complaints> 
            </web:InputElement> 
        </web:RegisterComplaint> 
    </soapenv:Body> 
</soapenv:Envelope>
2024-05-10T13:06:54,326 [main] INFO  (Main.java:132) - 
 Response : 
<soap:Envelope xmlns:soap="http://schemas.xmlsoap.org/soap/envelope/" xmlns:xsi="http://www.w3.org/2001/XMLSchema-instance" xmlns:xsd="http://www.w3.org/2001/XMLSchema">
  <soap:Body>
    <RegisterComplaintResponse xmlns="http://www.Insurer.com/webservices/">
      <RegisterComplaintResult>
        <RESULT xmlns="">
          <COMPLAINTDETAILS>
            <IRDA_TOKEN_NUMBER/>
            <ENTITY_COMPLAINT_REF_NUMBER>TEST116250</ENTITY_COMPLAINT_REF_NUMBER>
            <ERROR_CODES>ERR_0044,ERR_0046</ERROR_CODES>
          </COMPLAINTDETAILS>
        </RESULT>
      </RegisterComplaintResult>
    </RegisterComplaintResponse>
  </soap:Body>
</soap:Envelope>
2024-05-10T13:06:54,326 [main] INFO  (Main.java:133) - -------------Test Execution ended---------------


